<?xml version="1.0" encoding="UTF-8"?>
<!-- Generated by org.testng.reporters.JUnitXMLReporter -->
<testsuite ignored="0" hostname="nitish-Latitude-7490" failures="0" tests="4" name="Test 1" time="0.061" errors="0" timestamp="2023-06-23T09:54:09 IST">
  <testcase classname="testng.parallel.TestParallelClassOne" name="testCaseOne" time="0.009"/>
  <testcase classname="testng.parallel.TestParallelClassTwo" name="testCaseOne" time="0.01"/>
  <testcase classname="testng.parallel.TestParallelClassOne" name="testCaseTwo" time="0.002"/>
  <testcase classname="testng.parallel.TestParallelClassTwo" name="testCaseTwo" time="0.002"/>
</testsuite> <!-- Test 1 -->
